0:100  0:100  MemLog inited, TSC freq: 1607414180
0:100  0:000  CPU was calibrated with RTC
0:100  0:000  
0:100  0:000  Now is 24.5.2018,  23:11:8 (GMT)
0:100  0:000  Starting Clover revision: 4417 on INSYDE Corp. EFI
0:100  0:000  Build with: [Args: -mc --no-usb -D NO_GRUB_DRIVERS_EMBEDDED -t XCODE8 | -D DISABLE_USB_SUPPORT -D NO_GRUB_DRIVERS_EMBEDDED --conf=/Users/vagrant/src/edk2/Conf -D USE_BIOS_BLOCKIO -D USE_LOW_EBDA -a X64 -b RELEASE -t XCODE8 -n 3 | OS: 10.13.3 | XCODE: 9.3]
0:100  0:000  SelfDevicePath=PciRoot(0x0)\Pci(0x17,0x0)\Sata(0x1,0x0,0x0)\HD(1,GPT,22D75794-B71C-4B49-A354-95BDA2B3BDB7,0x28,0x64000) @7AD32598
0:100  0:000  SelfDirPath = \EFI\BOOT
0:102  0:002  === [ Get Smbios ] ========================================
0:115  0:013  Type 16 Index = 0
0:115  0:000  Total Memory Slots Count = 2
0:115  0:000  Type 17 Index = 0
0:115  0:000  SmbiosTable.Type17->Speed = 1867MHz
0:115  0:000  SmbiosTable.Type17->Size = 2048MB
0:115  0:000  SmbiosTable.Type17->Bank/Device = BANK 0 ChannelA-DIMM0
0:115  0:000  SmbiosTable.Type17->Vendor = Samsung
0:115  0:000  SmbiosTable.Type17->SerialNumber = 55000000
0:115  0:000  SmbiosTable.Type17->PartNumber =                   
0:115  0:000  Type 17 Index = 1
0:115  0:000  SmbiosTable.Type17->Speed = 1867MHz
0:115  0:000  SmbiosTable.Type17->Size = 2048MB
0:115  0:000  SmbiosTable.Type17->Bank/Device = BANK 2 ChannelB-DIMM0
0:115  0:000  SmbiosTable.Type17->Vendor = Samsung
0:115  0:000  SmbiosTable.Type17->SerialNumber = 55000000
0:115  0:000  SmbiosTable.Type17->PartNumber =                   
0:115  0:000  Boot status=0
0:115  0:000  Running on: 'TM1607' with board 'TM1607'
0:115  0:000  === [ GetCPUProperties ] ==================================
0:115  0:000  CPU Vendor = 756E6547 Model=806E9
0:115  0:000   The CPU supported SSE4.1
0:115  0:000  BrandString = Intel(R) Core(TM) m3-7Y30 CPU @ 1.00GHz
0:115  0:000   The CPU supported turbo
0:115  0:000  MSR 0x35               20004
0:115  0:000   TSC/CCC Information Leaf:
0:115  0:000    numerator     : 134
0:115  0:000    denominator   : 2
0:115  0:000   Calibrated ARTFrequency: 23991256
0:115  0:000  MSR 0xE2 before patch 7E008008
0:115  0:000  MSR 0xE2 is locked, PM patches will be turned on
0:115  0:000  MSR 0xCE              0004043D_F1011000
0:115  0:000  corrected FLEX_RATIO = 0
0:115  0:000  MSR 0x1B0             00000000
0:115  0:000  FSBFrequency = 69 MHz, DMI FSBFrequency = 100 MHz, Corrected FSBFrequency = 100 MHz
0:115  0:000  MaxDiv/MinDiv: 16.0/4
0:115  0:000  Turbo: 24/24/24/26
0:115  0:000  Features: 0xBFEBFBFF
0:115  0:000  Threads: 4
0:115  0:000  Cores: 2
0:115  0:000  FSB: 100 MHz
0:115  0:000  CPU: 1100 MHz
0:115  0:000  TSC: 1100 MHz
0:115  0:000  PIS: 100 MHz
0:115  0:000  ExternalClock: 25 MHz
0:115  0:000  === [ GetDevices ] ========================================
0:115  0:000  PCI (00|00:00.00) : 8086 590C class=060000
0:115  0:000  PCI (00|00:02.00) : 8086 591E class=030000
0:115  0:000   - GFX: Model=Intel HD Graphics 615 (Intel)
0:115  0:000  PCI (00|00:04.00) : 8086 1903 class=118000
0:115  0:000  PCI (00|00:08.00) : 8086 1911 class=088000
0:116  0:000  PCI (00|00:14.00) : 8086 9D2F class=0C0330
0:116  0:000  PCI (00|00:15.00) : 8086 9D60 class=118000
0:116  0:000  PCI (00|00:16.00) : 8086 9D3A class=078000
0:116  0:000  PCI (00|00:17.00) : 8086 9D03 class=010601
0:116  0:000  PCI (00|00:1C.00) : 8086 9D10 class=060400
0:116  0:000  PCI (00|00:1D.00) : 8086 9D18 class=060400
0:116  0:000  PCI (00|02:00.00) : 8086 24F3 class=028000
0:116  0:000   - WIFI: Vendor=Intel
0:116  0:000  PCI (00|00:1F.00) : 8086 9D56 class=060100
0:116  0:000  PCI (00|00:1F.02) : 8086 9D21 class=058000
0:116  0:000  PCI (00|00:1F.03) : 8086 9D71 class=040300
0:116  0:000  PCI (00|00:1F.04) : 8086 9D23 class=0C0500
0:116  0:000  === [ GetDefaultSettings ] ================================
0:116  0:000  Clover load options size = 0 bytes
0:135  0:019  EFI\CLOVER\config.plist loaded: Success
0:149  0:014  === [ GetListOfThemes ] ===================================
0:150  0:000  - [00]: Xiaomi
0:151  0:000  === [ Found config plists ] ===============================
0:151  0:000  - config-backup.plist
0:151  0:000  - config.plist
0:151  0:000  === [ GetEarlyUserSettings ] ==============================
0:151  0:000  timeout set to 2
0:151  0:000  Custom boot CUSTOM_BOOT_DISABLED (0x0)
0:151  0:000  ForceKextsToLoad: 1 requested
0:151  0:000   - [0]: System\Library\Extensions\AppleIntelKBLGraphicsFramebuffer.kext
0:151  0:000  KextsToPatch: 11 requested
0:151  0:000   - [00]:  com.apple.iokit.IOGraphicsFamily (Boot graphics glitch 10.12.x (IGPUs)) :: MatchOS: 10.13.x :: BinPatch :: data len: 5
0:151  0:000   - [01]: com.apple.iokit.IOGraphicsFamily (Boot graphics glitch, 10.10.2/10.10.3) :: BinPatch :: data len: 5
0:151  0:000   - [02]: AppleAPIC (Skylake APIC fix) :: BinPatch :: data len: 6
0:151  0:000   - [03]: com.apple.driver.AppleBacklight (AppleBacklightInjector.kext (credit RehabMan)) :: BinPatch :: data len: 9
0:151  0:000   - [04]: AppleAHCIPort (External icons patch) :: BinPatch :: data len: 8
0:151  0:000   - [05]: AppleHDA (Zeroing 10ec0261 codec (patched by AppleHDA Patcher.app)) :: BinPatch :: data len: 4
0:151  0:000   - [06]: AppleHDA (Zeroing 10ec0262 codec (patched by AppleHDA Patcher.app)) :: BinPatch :: data len: 4
0:151  0:000   - [07]: AppleHDA (Zeroing 10ec0885 codec (patched by AppleHDA Patcher.app)) :: BinPatch :: data len: 4
0:151  0:000   - [08]: AppleHDA (Patching 11d41984 with 10ec0235 codec (patched by AppleHDA Patcher.app)) :: BinPatch :: data len: 4
0:151  0:000   - [09]: com.apple.driver.AppleIntelKBLGraphicsFramebuffer (0x591b0000, 32MB BIOS, 19MB framebuffer 9MB cursor bytes (credit RehabMan)) :: BinPatch :: data len: 8
0:151  0:000   - [10]: com.apple.driver.AppleIntelKBLGraphicsFramebuffer (0x591b0000, 0105 instead of 0306, DP) :: BinPatch :: data len: 12
0:151  0:000   - patch disabled at config
0:151  0:000  KernelToPatch: 3 requested
0:151  0:000   - [00]: MSR 0xE2 _xcpm_idle instant reboot :: data len: 8
0:151  0:000   - [01]: Disable panic kext logging on 10.13 Debug kernel :: MatchOS: 10.13 :: data len: 6
0:151  0:000   - [02]: Disable panic kext logging on 10.13 Release kernel :: MatchOS: 10.13 :: data len: 6
0:151  0:000  Default theme: Xiaomi
0:151  0:000  Hiding entries with string Preboot
0:151  0:000  === [ LoadDrivers ] =======================================
0:153  0:001  Loading HFSPlus.efi  status=Success
0:155  0:002   - driver needs connecting
0:155  0:000  Loading PartitionDxe-64.efi  status=Success
0:158  0:002   - driver needs connecting
0:158  0:000  Loading AppleImageCodec-64.efi  status=Success
0:160  0:002  Loading AppleUITheme-64.efi  status=Success
0:162  0:002  Loading DataHubDxe-64.efi  status=Success
0:164  0:002  Loading AppleKeyAggregator-64.efi  status=Success
0:167  0:002  Loading CsmVideoDxe-64.efi  status=Success
0:169  0:002   - driver needs connecting
0:169  0:000  Loading VBoxHfs-64.efi  status=Success
0:172  0:002   - driver needs connecting
0:172  0:000  Loading FSInject-64.efi  status=Success
0:174  0:002  Loading FirmwareVolume-64.efi  status=Success
0:176  0:002  Loading SMCHelper-64.efi  status=Success
0:179  0:002  Loading AptioMemoryFix.efi  status=Success
0:181  0:002  Loading apfs_patched.efi  status=Success
0:191  0:009   - driver needs connecting
0:191  0:000  5 drivers needs connecting ...
0:191  0:000  PlatformDriverOverrideProtocol->GetDriver overriden
0:191  0:000  Partition driver loaded: 
0:191  0:000  HFS+ driver loaded
0:191  0:000  APFS driver loaded
0:191  0:000  Video driver loaded: disconnect Success
0:453  0:261  Searching for invalid DiskIo BY_DRIVER connects: not found, all ok
1:572  1:118  === [ InitScreen ] ========================================
1:572  0:000  SetScreenResolution: 1920x1080 - already set
1:572  0:000  Console modes reported: 7, available modes:
1:572  0:000   - [01]: 80x25
1:572  0:000   - [02]: 80x50
1:572  0:000   - [03]: 80x25
1:572  0:000   - [04]: 240x56 (current mode)
1:572  0:000   - [05]: 100x31
1:572  0:000   - [06]: 128x40
1:572  0:000   - [07]: 160x53
1:572  0:000  SetScreenResolution: 1920x1080 - already set
1:572  0:000  reinit: self device path=PciRoot(0x0)\Pci(0x17,0x0)\Sata(0x1,0x0,0x0)\HD(1,GPT,22D75794-B71C-4B49-A354-95BDA2B3BDB7,0x28,0x64000)
1:572  0:000  === [ GetMacAddress ] =====================================
1:572  0:000   get legacy LAN MAC, 0 card found
1:572  0:000  === [ ScanSPD ] ===========================================
1:573  0:000  SMBus device : 8086 9D23 class=0C0500 status=Success
1:573  0:000  SMBus CmdReg: 0x3
1:573  0:000  Scanning SMBus [8086:9D23], mmio: 0xB1136004, ioport: 0x3040, hostc: 0x11
1:573  0:000  Slots to scan [8]...
1:574  0:001  === [ GetAcpiTablesList ] =================================
1:598  0:024  Get Acpi Tables List from RSDT:
1:598  0:000   - [00]: FACP  XMCC1607 len=268
1:598  0:000   - [01]: UEFI  XMCC1607 len=566
1:598  0:000   - [02]: UEFI  XMCC1607 len=66
1:598  0:000   - [03]: MSDM  XMCC1607 len=85
1:598  0:000   - [04]: SSDT  XMCC1607 len=1219
1:598  0:000   - [05]: SSDT  XMCC1607 len=70
1:598  0:000   - [06]: TPM2  XMCC1607 len=52
1:598  0:000   - [07]: SSDT  XMCC1607 len=12592
1:598  0:000   - [08]: SSDT  XMCC1607 len=15212
1:598  0:000   - [09]: ASF!  XMCC1607 len=165
1:598  0:000   - [10]: ASPT  XMCC1607 len=52
1:598  0:000   - [11]: BOOT  XMCC1607 len=40
1:598  0:000   - [12]: DBGP  XMCC1607 len=52
1:598  0:000   - [13]: HPET  XMCC1607 len=56
1:598  0:000   - [14]: APIC  XMCC1607 len=188
1:598  0:000   - [15]: MCFG  XMCC1607 len=60
1:598  0:000   - [16]: SSDT  XMCC1607 len=995
1:598  0:000   - [17]: SSDT  XMCC1607 len=444
1:598  0:000   - [18]: LPIT  XMCC1607 len=148
1:598  0:000   - [19]: WSMT  XMCC1607 len=40
1:598  0:000   - [20]: SSDT  XMCC1607 len=671
1:598  0:000   - [21]: SSDT  XMCC1607 len=838
1:598  0:000   - [22]: SSDT  XMCC1607 len=12290
1:598  0:000   - [23]: SSDT  XMCC1607 len=1310
1:598  0:000   - [24]: DBGP  XMCC1607 len=52
1:598  0:000   - [25]: DBG2  XMCC1607 len=84
1:598  0:000   - [26]: SSDT  XMCC1607 len=4272
1:598  0:000   - [27]: SSDT  XMCC1607 len=3806
1:598  0:000   - [28]: DMAR  XMCC1607 len=204
1:598  0:000   - [29]: FPDT  XMCC1607 len=68
1:598  0:000   - [30]: BGRT  XMCC1607 len=56
1:598  0:000  Calibrated TSC Frequency = 1607414180 = 1607MHz
1:598  0:000  === [ GetUserSettings ] ===================================
1:598  0:000  USB FixOwnership: yes
1:598  0:000  Dropping 3 tables:
1:598  0:000   - [00]: Drop table  signature="#MCF" (46434D23)
1:598  0:000           - set table: 46434D23,                0 to drop: no
1:598  0:000   - [01]: Drop table  signature="DMAR" (52414D44)
1:598  0:000           - set table: 52414D44,                0 to drop: yes
1:598  0:000   - [02]: Drop table  signature="SSDT" (54445353) table-id="xh_rvp10" (30317076725F6878)
1:598  0:000           - set table: 54445353, 30317076725F6878 to drop: no
1:598  0:000   - final DSDT Fix mask=00000000
1:598  0:000  PatchesDSDT: 9 requested
1:598  0:000   - [00]: (change HDAS to HDEF) lenToFind: 4, lenToReplace: 4, Target Bridge: <null string>
1:598  0:000   - [01]: (change _OSI to XOSI, pair with SSDT-XOSI.aml) lenToFind: 4, lenToReplace: 4, Target Bridge: <null string>
1:598  0:000   - [02]: (Rename GFX0 to IGPU) lenToFind: 4, lenToReplace: 4, Target Bridge: <null string>
1:598  0:000   - [03]: (change LGPA to XGP) lenToFind: 5, lenToReplace: 5, Target Bridge: <null string>
1:598  0:000   - [04]: (change MEI to IMEI) lenToFind: 4, lenToReplace: 4, Target Bridge: <null string>
1:598  0:000   - [05]: (change HECI to IMEI) lenToFind: 4, lenToReplace: 4, Target Bridge: <null string>
1:598  0:000   - [06]: (change SAT0 to SATA, optionally pair with SSDT-SATA.aml) lenToFind: 4, lenToReplace: 4, Target Bridge: <null string>
1:598  0:000   - [07]: (change Method(GPRW,2,N) to XPRW, pair with SSDT-GPRW.aml) lenToFind: 5, lenToReplace: 5, Target Bridge: <null string>
1:598  0:000   - [08]: (change Method(UPRW,2,N) to XPRW, pair with SSDT-UPRW.aml) lenToFind: 7, lenToReplace: 7, Target Bridge: <null string>
1:598  0:000  EnableC7: no
1:598  0:000  EnableC6: no
1:598  0:000  EnableC4: no
1:598  0:000  EnableC2: no
1:598  0:000  Using ProductName from config: MacBook10,1
1:598  0:000  Found same BiosVersion in clover and config
1:598  0:000  BiosVersion: MB101.88Z.0160.B00.1802080958
1:598  0:000  BiosReleaseDate: 02/08/2018
1:598  0:000  Using FirmwareFeatures from config: 0xFC0FE13F
1:598  0:000  Using FirmwareFeaturesMask from config: 0xFF1FFF3F
1:598  0:000  Board-ID set from config as Mac-EE2EBD4B90B839A8
1:598  0:000  BoardType: 0xA
1:599  0:000  ChassisType: 0x9
1:599  0:000  CpuType: 995
1:599  0:000  Converted CustomUUID 8EF8B2ED-F3CC-4665-BCF6-D2096F0AA76F
2:456  0:857  === [ ScanVolumes ] =======================================
2:456  0:000  Found 9 volumes with blockIO
2:456  0:000  - [00]: Volume: PciRoot(0x0)\Pci(0x17,0x0)\Sata(0x1,0x0,0x0)
2:456  0:000  - [01]: Volume: PciRoot(0x0)\Pci(0x17,0x0)\Sata(0x1,0x0,0x0)\HD(1,GPT,22D75794-B71C-4B49-A354-95BDA2B3BDB7,0x28,0x64000)
2:456  0:000          Result of bootcode detection: bootable unknown (legacy)
2:456  0:000          This is SelfVolume !!
2:456  0:000  - [02]: Volume: PciRoot(0x0)\Pci(0x17,0x0)\Sata(0x1,0x0,0x0)\HD(2,GPT,7DEBABB0-9D87-465C-AAC1-DBC6FD939851,0x64028,0x1DC8F260)
2:457  0:000          Result of bootcode detection: bootable unknown (legacy)
2:457  0:000  - [03]: Volume: PciRoot(0x0)\Pci(0x14,0x0)\USB(0x1,0x0)
2:457  0:000          Result of bootcode detection: bootable unknown (legacy)
2:457  0:000          USB volume
2:457  0:000  - [04]: Volume: PciRoot(0x0)\Pci(0x14,0x0)\USB(0x1,0x0)\HD(1,MBR,0x2B192737,0x380ACC,0x1240)
2:457  0:000          Result of bootcode detection: bootable unknown (legacy)
2:458  0:000          USB volume
2:458  0:000  - [05]: Volume: PciRoot(0x0)\Pci(0x17,0x0)\Sata(0x1,0x0,0x0)\HD(2,GPT,7DEBABB0-9D87-465C-AAC1-DBC6FD939851,0x64028,0x1DC8F260)\VenMedia(BE74FCF7-0B7C-49F3-9147-01F4042E6842,B36ADF123CBD3648A9534D51F17BA977)
2:458  0:000          hiding this volume
2:458  0:000  - [06]: Volume: PciRoot(0x0)\Pci(0x17,0x0)\Sata(0x1,0x0,0x0)\HD(2,GPT,7DEBABB0-9D87-465C-AAC1-DBC6FD939851,0x64028,0x1DC8F260)\VenMedia(BE74FCF7-0B7C-49F3-9147-01F4042E6842,54DA31C2C7168534B9B3EF697A996BE5)
2:458  0:000  - [07]: Volume: PciRoot(0x0)\Pci(0x17,0x0)\Sata(0x1,0x0,0x0)\HD(2,GPT,7DEBABB0-9D87-465C-AAC1-DBC6FD939851,0x64028,0x1DC8F260)\VenMedia(BE74FCF7-0B7C-49F3-9147-01F4042E6842,7182A4FE7BEC264DB2E698F076C542D5)
2:458  0:000  - [08]: Volume: PciRoot(0x0)\Pci(0x17,0x0)\Sata(0x1,0x0,0x0)\HD(2,GPT,7DEBABB0-9D87-465C-AAC1-DBC6FD939851,0x64028,0x1DC8F260)\VenMedia(BE74FCF7-0B7C-49F3-9147-01F4042E6842,6AAFCBCAC4C1004AAA2DCFC66A1FCC7D)
2:458  0:000  === [ InitTheme ] =========================================
2:467  0:009  Using theme 'Xiaomi' (EFI\CLOVER\themes\Xiaomi)
2:467  0:000  OS main and drive as badge
2:470  0:003  Loading font from ThemeDir: Success
2:471  0:000  Choosing theme Xiaomi
2:471  0:000  after NVRAM boot-args=nv_disable=1 -disablegfxfirmware
2:471  0:000  === [ Dump SMC keys from NVRAM ] ==========================
2:471  0:000  found AppleSMC protocol
2:503  0:031  Registered 18 SMC keys
2:503  0:000  === [ ScanLoader ] ========================================
2:503  0:000  - [01]: 'EFI'
2:504  0:001  - [04]: 'EFI'
2:504  0:000  - [05]: 'Preboot', hidden
2:504  0:000  - [06]: 'Mac OS'
2:509  0:004          AddLoaderEntry for Volume Name=Mac OS
2:512  0:003      hibernated: set as never
2:518  0:005  - [07]: 'Recovery'
2:518  0:000          AddLoaderEntry for Volume Name=Recovery
2:520  0:001  - [08]: 'VM'
2:521  0:000  === [ GetEfiBootDeviceFromNvram ] =========================
2:521  0:000   - found entry 0. 'Boot macOS from Mac OS', Volume 'Mac OS', DevicePath 'PciRoot(0x0)\Pci(0x17,0x0)\Sata(0x1,0x0,0x0)\HD(2,GPT,7DEBABB0-9D87-465C-AAC1-DBC6FD939851,0x64028,0x1DC8F260)\VenMedia(BE74FCF7-0B7C-49F3-9147-01F4042E6842,54DA31C2C7168534B9B3EF697A996BE5)\System\Library\CoreServices\boot.efii'
2:521  0:000  DefaultIndex=0 and MainMenu.EntryCount=6
3:105  0:583  GUI ready
